<?xml version="1.0" encoding="UTF-8"?>
<!-- Generated by org.testng.reporters.JUnitReportReporter -->
<testsuite hostname="DESKTOP-I02S71M" failures="0" tests="2" name="com.TestNG.SauseDemo" time="14.896" errors="0" timestamp="2025-05-04T17:50:01 IST" skipped="0">
  <testcase classname="com.TestNG.SauseDemo" name="login" time="6.543"/>
  <testcase classname="com.TestNG.SauseDemo" name="logout" time="8.353"/>
</testsuite> <!-- com.TestNG.SauseDemo -->
