<?xml version="1.0" encoding="UTF-8"?>
<!-- Generated by org.testng.reporters.JUnitReportReporter -->
<testsuite hostname="DESKTOP-I02S71M" failures="0" tests="2" name="com.TestNG.FrontAcountingTestNG" time="2.785" errors="0" timestamp="2025-05-04T17:32:48 IST" skipped="0">
  <testcase classname="com.TestNG.FrontAcountingTestNG" name="logout" time="1.321"/>
  <testcase classname="com.TestNG.FrontAcountingTestNG" name="login" time="1.464"/>
</testsuite> <!-- com.TestNG.FrontAcountingTestNG -->
