<?xml version="1.0" encoding="UTF-8"?>
<!-- Generated by org.testng.reporters.JUnitReportReporter -->
<testsuite hostname="DESKTOP-I02S71M" failures="0" tests="4" name="com.TestNG.TestNGFestures" time="5.948" errors="0" timestamp="2025-05-04T17:07:16 IST" skipped="0">
  <testcase classname="com.TestNG.TestNGFestures" name="facebook" time="1.679"/>
  <testcase classname="com.TestNG.TestNGFestures" name="facebook" time="1.318"/>
  <testcase classname="com.TestNG.TestNGFestures" name="facebook" time="1.448"/>
  <testcase classname="com.TestNG.TestNGFestures" name="amazon" time="1.503"/>
</testsuite> <!-- com.TestNG.TestNGFestures -->
