<?xml version="1.0" encoding="UTF-8"?>
<!-- Generated by org.testng.reporters.JUnitReportReporter -->
<testsuite hostname="DESKTOP-I02S71M" failures="0" tests="5" name="runner.TestCasesExecutor" time="41.689" errors="0" timestamp="2025-06-08T17:36:17 IST" skipped="0">
  <testcase classname="runner.TestCasesExecutor" name="runScenario" time="7.664"/>
  <testcase classname="runner.TestCasesExecutor" name="runScenario" time="10.426"/>
  <testcase classname="runner.TestCasesExecutor" name="runScenario" time="7.945"/>
  <testcase classname="runner.TestCasesExecutor" name="runScenario" time="8.082"/>
  <testcase classname="runner.TestCasesExecutor" name="runScenario" time="7.572"/>
</testsuite> <!-- runner.TestCasesExecutor -->
