<?xml version="1.0" encoding="UTF-8"?>
<!-- Generated by org.testng.reporters.JUnitReportReporter -->
<testsuite hostname="DESKTOP-I02S71M" failures="0" tests="6" name="com.TestNG.Cross_browsing" time="42.400" errors="0" timestamp="2025-05-25T16:13:49 IST" skipped="0">
  <testcase classname="com.TestNG.Cross_browsing" name="search" time="6.116"/>
  <testcase classname="com.TestNG.Cross_browsing" name="search" time="8.698"/>
  <testcase classname="com.TestNG.Cross_browsing" name="search" time="7.121"/>
  <testcase classname="com.TestNG.Cross_browsing" name="search" time="6.367"/>
  <testcase classname="com.TestNG.Cross_browsing" name="search" time="6.227"/>
  <testcase classname="com.TestNG.Cross_browsing" name="search" time="7.871"/>
</testsuite> <!-- com.TestNG.Cross_browsing -->
